<?xml version="1.0" encoding="UTF-8"?>
<!-- Generated by org.testng.reporters.JUnitReportReporter -->
<testsuite skipped="0" hostname="felipe-Aspire-F5-573G" name="runner.TestRunnerWithTestNG" tests="1" failures="0" timestamp="18 out 2018 19:49:54 GMT" time="4.587" errors="0">
  <testcase name="feature" time="4.587" classname="runner.TestRunnerWithTestNG"/>
</testsuite> <!-- runner.TestRunnerWithTestNG -->
